Change Component Designator: OldDesignator=C5 NewDesignator=C6
Change Component Designator: OldDesignator=C6 NewDesignator=C11
Change Component Designator: OldDesignator=C7 NewDesignator=C10
Change Component Designator: OldDesignator=C8 NewDesignator=C13
Change Component Designator: OldDesignator=C9 NewDesignator=C14
Change Component Designator: OldDesignator=C10 NewDesignator=C18
Change Component Designator: OldDesignator=C11 NewDesignator=C20
Change Component Designator: OldDesignator=C12 NewDesignator=C16
Change Component Designator: OldDesignator=C13 NewDesignator=C17
Change Component Designator: OldDesignator=C14 NewDesignator=C19
Change Component Designator: OldDesignator=C15 NewDesignator=C21
Change Component Designator: OldDesignator=C16 NewDesignator=C22
Change Component Designator: OldDesignator=C17 NewDesignator=C23
Change Component Designator: OldDesignator=C18 NewDesignator=C24
Change Component Designator: OldDesignator=C19 NewDesignator=C25
Change Component Designator: OldDesignator=C20 NewDesignator=C26
Change Component Designator: OldDesignator=C21 NewDesignator=C27
Change Component Designator: OldDesignator=C22 NewDesignator=C28
Change Component Designator: OldDesignator=C23 NewDesignator=C29
Change Component Designator: OldDesignator=C24 NewDesignator=C30
Change Component Designator: OldDesignator=C25 NewDesignator=C31
Change Component Designator: OldDesignator=C26 NewDesignator=C32
Change Component Designator: OldDesignator=C27 NewDesignator=C33
Change Component Designator: OldDesignator=C28 NewDesignator=C34
Change Component Designator: OldDesignator=C29 NewDesignator=C35
Change Component Designator: OldDesignator=C30 NewDesignator=C36
Change Component Designator: OldDesignator=C31 NewDesignator=C37
Change Component Designator: OldDesignator=C32 NewDesignator=C38
Change Component Designator: OldDesignator=C33 NewDesignator=C39
Change Component Designator: OldDesignator=C34 NewDesignator=C40
Change Component Designator: OldDesignator=C35 NewDesignator=C41
Change Component Designator: OldDesignator=C36 NewDesignator=C42
Change Component Designator: OldDesignator=C37 NewDesignator=C43
Change Component Designator: OldDesignator=C38 NewDesignator=C44
Change Component Designator: OldDesignator=C39 NewDesignator=C9
Change Component Designator: OldDesignator=C40 NewDesignator=C15
Change Component Designator: OldDesignator=C42 NewDesignator=C12
Change Component Designator: OldDesignator=C43 NewDesignator=C7
Change Component Designator: OldDesignator=C44 NewDesignator=C8
Change Component Designator: OldDesignator=FB1 NewDesignator=FB2
Change Component Designator: OldDesignator=FB2 NewDesignator=FB3
Change Component Designator: OldDesignator=FB3 NewDesignator=FB4
Change Component Designator: OldDesignator=FB4 NewDesignator=FB5
Change Component Designator: OldDesignator=FB5 NewDesignator=FB1
Change Component Designator: OldDesignator=J2 NewDesignator=J3
Change Component Designator: OldDesignator=J3 NewDesignator=J4
Change Component Designator: OldDesignator=R6 NewDesignator=R7
Change Component Designator: OldDesignator=R7 NewDesignator=R8
Change Component Designator: OldDesignator=R8 NewDesignator=R9
Change Component Designator: OldDesignator=R9 NewDesignator=R11
Change Component Designator: OldDesignator=R11 NewDesignator=R12
Change Component Designator: OldDesignator=R12 NewDesignator=R13
Change Component Designator: OldDesignator=R13 NewDesignator=R14
Change Component Designator: OldDesignator=R14 NewDesignator=R15
Change Component Designator: OldDesignator=R14 NewDesignator=R16
Change Component Designator: OldDesignator=R15 NewDesignator=R17
Change Component Designator: OldDesignator=R16 NewDesignator=R18
Change Component Designator: OldDesignator=R17 NewDesignator=R19
Change Component Designator: OldDesignator=R18 NewDesignator=R21
Change Component Designator: OldDesignator=R19 NewDesignator=R22
Change Component Designator: OldDesignator=R20 NewDesignator=R24
Change Component Designator: OldDesignator=R21 NewDesignator=R25
Change Component Designator: OldDesignator=R22 NewDesignator=R23
Change Component Designator: OldDesignator=R23 NewDesignator=R26
Change Component Designator: OldDesignator=R24 NewDesignator=R30
Change Component Designator: OldDesignator=R25 NewDesignator=R27
Change Component Designator: OldDesignator=R26 NewDesignator=R28
Change Component Designator: OldDesignator=R27 NewDesignator=R32
Change Component Designator: OldDesignator=R28 NewDesignator=R29
Change Component Designator: OldDesignator=R28 NewDesignator=R33
Change Component Designator: OldDesignator=R29 NewDesignator=R34
Change Component Designator: OldDesignator=R30 NewDesignator=R31
Change Component Designator: OldDesignator=R30 NewDesignator=R35
Change Component Designator: OldDesignator=R31 NewDesignator=R36
Change Component Designator: OldDesignator=R32 NewDesignator=R37
Change Component Designator: OldDesignator=R33 NewDesignator=R38
Change Component Designator: OldDesignator=R38 NewDesignator=R20
Change Component Designator: OldDesignator=U5 NewDesignator=U6
Change Component Designator: OldDesignator=U6 NewDesignator=U7
Change Component Designator: OldDesignator=U7 NewDesignator=U9
Change Component Designator: OldDesignator=U8 NewDesignator=U10
Change Component Designator: OldDesignator=U9 NewDesignator=U11
Change Net Name : Old Net Name=NetC8_2 New Net Name=NetC13_2
Change Net Name : Old Net Name=NetC9_2 New Net Name=NetC14_2
Change Net Name : Old Net Name=NetC17_2 New Net Name=NetC23_2
Change Net Name : Old Net Name=NetC40_2 New Net Name=NetC15_2
Change Net Name : Old Net Name=NetC42_2 New Net Name=NetC12_2
Change Net Name : Old Net Name=NetJ3_P11 New Net Name=NetJ4_P11
Change Net Name : Old Net Name=NetJ3_P13 New Net Name=NetJ4_P13
Change Net Name : Old Net Name=NetR7_2 New Net Name=NetR8_2
Change Net Name : Old Net Name=NetR18_2 New Net Name=NetR21_2
Change Net Name : Old Net Name=NetR19_1 New Net Name=NetR22_1
Change Net Name : Old Net Name=NetR20_1 New Net Name=NetR24_1
Change Net Name : Old Net Name=NetR21_1 New Net Name=NetR25_1
Change Net Name : Old Net Name=NetR29_2 New Net Name=NetR34_2
Change Net Name : Old Net Name=NetR30_2 New Net Name=NetR35_2
Change Net Name : Old Net Name=NetR31_1 New Net Name=NetR36_1
Change Net Name : Old Net Name=NetR32_2 New Net Name=NetR37_2
Added Member To Class: ClassName=MAIN Member=Component C41 0.1 µF
Added Member To Class: ClassName=MAIN Member=Component J4 ARJM11D7-809-AB-EW2
Added Member To Class: ClassName=MAIN Member=Component R34 4.7 kOhms
Added Member To Class: ClassName=MAIN Member=Component R35 4.7 kOhms
Added Member To Class: ClassName=MAIN Member=Component R36 22 Ohms
Added Member To Class: ClassName=MAIN Member=Component R37 10 kOhms
Added Member To Class: ClassName=MAIN Member=Component U10 SST25VF016B-50-4I-QAF-T
Added Member To Class: ClassName=MAIN Member=Component U11 ST1S06PUR
